<?xml version='1.0' encoding='UTF-8'?>
<testsuite hostname="hakam-MS-7D46" name="ChaosCore.GCDSpec" tests="1" errors="0" failures="0" skipped="0" time="2.263" timestamp="2024-05-15T19:02:34">
          <properties>
      <property name="java.specification.version" value="17"/><property name="sun.jnu.encoding" value="UTF-8"/><property name="sun.arch.data.model" value="64"/><property name="java.vendor.url" value="https://adoptium.net/"/><property name="sun.boot.library.path" value="/usr/lib/jvm/temurin-17-jdk-amd64/lib"/><property name="sun.java.command" value="/home/hakam/.cache/sbt/boot/sbt-launch/1.9.7/sbt-launch-1.9.7.jar testOnly ChaosCore.GCDSpec"/><property name="jdk.debug" value="release"/><property name="sun.stderr.encoding" value="UTF-8"/><property name="java.specification.vendor" value="Oracle Corporation"/><property name="java.version.date" value="2024-04-16"/><property name="java.home" value="/usr/lib/jvm/temurin-17-jdk-amd64"/><property name="file.separator" value="/"/><property name="java.vm.compressedOopsMode" value="32-bit"/><property name="line.separator" value="
"/><property name="sun.stdout.encoding" value="UTF-8"/><property name="java.vm.specification.vendor" value="Oracle Corporation"/><property name="java.specification.name" value="Java Platform API Specification"/><property name="sun.management.compiler" value="HotSpot 64-Bit Tiered Compilers"/><property name="java.runtime.version" value="17.0.11+9"/><property name="user.name" value="hakam"/><property name="log4j.ignoreTCL" value="true"/><property name="file.encoding" value="UTF-8"/><property name="jnidispatch.path" value="/home/hakam/.cache/JNA/temp/jna17057156271432076542.tmp"/><property name="java.vendor.version" value="Temurin-17.0.11+9"/><property name="jna.loaded" value="true"/><property name="java.io.tmpdir" value="/tmp"/><property name="java.version" value="17.0.11"/><property name="java.vm.specification.name" value="Java Virtual Machine Specification"/><property name="native.encoding" value="UTF-8"/><property name="java.library.path" value="/usr/java/packages/lib:/usr/lib64:/lib64:/lib:/usr/lib"/><property name="java.vendor" value="Eclipse Adoptium"/><property name="scala.ext.dirs" value="/home/hakam/.sbt/1.0/java9-rt-ext-eclipse_adoptium_17_0_11"/><property name="sun.io.unicode.encoding" value="UnicodeLittle"/><property name="java.class.path" value="/home/hakam/.cache/sbt/boot/sbt-launch/1.9.7/sbt-launch-1.9.7.jar"/><property name="java.vm.vendor" value="Eclipse Adoptium"/><property name="jline.shutdownhook" value="false"/><property name="user.timezone" value="Asia/Riyadh"/><property name="java.vm.specification.version" value="17"/><property name="os.name" value="Linux"/><property name="sun.java.launcher" value="SUN_STANDARD"/><property name="user.country" value="US"/><property name="sun.cpu.endian" value="little"/><property name="user.home" value="/home/hakam"/><property name="user.language" value="en"/><property name="sbt.script" value="/usr/local/bin/sbt"/><property name="sbt.ipcsocket.tmpdir" value="/run/user/1000/.sbt3f78aefd/ipcsocket"/><property name="swoval.tmpdir" value="/run/user/1000/.sbt3f78aefd/swoval"/><property name="jline.esc.timeout" value="0"/><property name="path.separator" value=":"/><property name="os.version" value="6.5.0-35-generic"/><property name="jna.nosys" value="true"/><property name="java.runtime.name" value="OpenJDK Runtime Environment"/><property name="java.vm.name" value="OpenJDK 64-Bit Server VM"/><property name="jna.platform.library.path" value="/usr/lib/x86_64-linux-gnu:/lib/x86_64-linux-gnu:/usr/lib64:/lib64:/usr/lib:/lib:/lib/i386-linux-gnu:/usr/lib/x86_64-linux-gnu/libfakeroot"/><property name="java.vendor.url.bug" value="https://github.com/adoptium/adoptium-support/issues"/><property name="user.dir" value="/home/hakam/Repos/ChaosCore/hw/chisel"/><property name="os.arch" value="amd64"/><property name="java.vm.info" value="mixed mode, sharing"/><property name="java.vm.version" value="17.0.11+9"/><property name="java.class.version" value="61.0"/>
    </properties>
          <testcase classname="ChaosCore.GCDSpec" name="Gcd should calculate proper greatest common denominator" time="2.263">
                      
                    </testcase>
          <system-out><![CDATA[]]></system-out>
          <system-err><![CDATA[]]></system-err>
        </testsuite>