<?xml version='1.0' encoding='UTF-8'?>
<testsuite hostname="hakam-MS-7D46" name="ChaosCore.test0" tests="1" errors="0" failures="1" skipped="0" time="1.066" timestamp="2024-05-19T23:29:56">
          <properties>
      <property name="jline.esc.timeout" value="0"/><property name="jna.platform.library.path" value="/usr/lib/x86_64-linux-gnu:/lib/x86_64-linux-gnu:/usr/lib64:/lib64:/usr/lib:/lib:/lib/i386-linux-gnu:/usr/lib/x86_64-linux-gnu/libfakeroot"/><property name="java.runtime.name" value="OpenJDK Runtime Environment"/><property name="sun.boot.library.path" value="/home/hakam/.sdkman/candidates/java/8.0.412-tem/jre/lib/amd64"/><property name="java.vm.version" value="25.412-b08"/><property name="java.vm.vendor" value="Temurin"/><property name="java.vendor.url" value="https://adoptium.net/"/><property name="path.separator" value=":"/><property name="jna.loaded" value="true"/><property name="java.vm.name" value="OpenJDK 64-Bit Server VM"/><property name="file.encoding.pkg" value="sun.io"/><property name="user.country" value="US"/><property name="sun.java.launcher" value="SUN_STANDARD"/><property name="sun.os.patch.level" value="unknown"/><property name="jna.nosys" value="true"/><property name="java.vm.specification.name" value="Java Virtual Machine Specification"/><property name="user.dir" value="/home/hakam/Repos/ChaosCore/hw/chisel"/><property name="java.runtime.version" value="1.8.0_412-b08"/><property name="java.awt.graphicsenv" value="sun.awt.X11GraphicsEnvironment"/><property name="java.endorsed.dirs" value="/home/hakam/.sdkman/candidates/java/8.0.412-tem/jre/lib/endorsed"/><property name="os.arch" value="amd64"/><property name="java.io.tmpdir" value="/tmp"/><property name="line.separator" value="
"/><property name="java.vm.specification.vendor" value="Oracle Corporation"/><property name="log4j.ignoreTCL" value="true"/><property name="os.name" value="Linux"/><property name="sun.jnu.encoding" value="UTF-8"/><property name="jnidispatch.path" value="/home/hakam/.cache/JNA/temp/jna5632689992570499410.tmp"/><property name="java.library.path" value="/usr/java/packages/lib/amd64:/usr/lib64:/lib64:/lib:/usr/lib"/><property name="java.specification.name" value="Java Platform API Specification"/><property name="java.class.version" value="52.0"/><property name="sbt.ipcsocket.tmpdir" value="/run/user/1000/.sbt3f78aefd/ipcsocket"/><property name="sun.management.compiler" value="HotSpot 64-Bit Tiered Compilers"/><property name="os.version" value="6.8.0-31-generic"/><property name="swoval.tmpdir" value="/run/user/1000/.sbt3f78aefd/swoval"/><property name="user.home" value="/home/hakam"/><property name="user.timezone" value="Asia/Riyadh"/><property name="java.awt.printerjob" value="sun.print.PSPrinterJob"/><property name="file.encoding" value="UTF-8"/><property name="java.specification.version" value="1.8"/><property name="java.class.path" value="/home/hakam/.sdkman/candidates/sbt/1.10.0/bin/sbt-launch.jar"/><property name="user.name" value="hakam"/><property name="jline.shutdownhook" value="false"/><property name="java.vm.specification.version" value="1.8"/><property name="sun.java.command" value="/home/hakam/.sdkman/candidates/sbt/1.10.0/bin/sbt-launch.jar test"/><property name="java.home" value="/home/hakam/.sdkman/candidates/java/8.0.412-tem/jre"/><property name="sun.arch.data.model" value="64"/><property name="user.language" value="en"/><property name="java.specification.vendor" value="Oracle Corporation"/><property name="awt.toolkit" value="sun.awt.X11.XToolkit"/><property name="java.vm.info" value="mixed mode"/><property name="java.version" value="1.8.0_412"/><property name="java.ext.dirs" value="/home/hakam/.sdkman/candidates/java/8.0.412-tem/jre/lib/ext:/usr/java/packages/lib/ext"/><property name="sun.boot.class.path" value="/home/hakam/.sdkman/candidates/java/8.0.412-tem/jre/lib/resources.jar:/home/hakam/.sdkman/candidates/java/8.0.412-tem/jre/lib/rt.jar:/home/hakam/.sdkman/candidates/java/8.0.412-tem/jre/lib/sunrsasign.jar:/home/hakam/.sdkman/candidates/java/8.0.412-tem/jre/lib/jsse.jar:/home/hakam/.sdkman/candidates/java/8.0.412-tem/jre/lib/jce.jar:/home/hakam/.sdkman/candidates/java/8.0.412-tem/jre/lib/charsets.jar:/home/hakam/.sdkman/candidates/java/8.0.412-tem/jre/lib/jfr.jar:/home/hakam/.sdkman/candidates/java/8.0.412-tem/jre/classes"/><property name="java.vendor" value="Temurin"/><property name="java.specification.maintenance.version" value="5"/><property name="file.separator" value="/"/><property name="java.vendor.url.bug" value="https://github.com/adoptium/adoptium-support/issues"/><property name="sun.io.unicode.encoding" value="UnicodeLittle"/><property name="sun.cpu.endian" value="little"/><property name="sbt.script" value="/home/hakam/.sdkman/candidates/sbt/current/bin/sbt"/><property name="sun.desktop" value="gnome"/><property name="sun.cpu.isalist" value=""/>
    </properties>
          <testcase classname="ChaosCore.test0" name="First 4 elements read out of free list should be 0,1,2,3" time="1.066">
                      <failure message="firtool not found
------------------------------------------------------------------------------
Chisel requires that firtool, the MLIR-based FIRRTL Compiler (MFC), is installed
and available on your $PATH.  (Did you forget to install it?)  You can download
a binary release of firtool from the CIRCT releases webpage:
  https://github.com/llvm/circt/releases
------------------------------------------------------------------------------" type="circt.stage.phases.Exceptions$FirtoolNotFound">circt.stage.phases.Exceptions$FirtoolNotFound: firtool not found
------------------------------------------------------------------------------
Chisel requires that firtool, the MLIR-based FIRRTL Compiler (MFC), is installed
and available on your $PATH.  (Did you forget to install it?)  You can download
a binary release of firtool from the CIRCT releases webpage:
  https://github.com/llvm/circt/releases
------------------------------------------------------------------------------
</failure>
                    </testcase>
          <system-out><![CDATA[]]></system-out>
          <system-err><![CDATA[]]></system-err>
        </testsuite>